[debug] [2026-03-02T14:31:05.048Z] ----------------------------------------------------------------------
[debug] [2026-03-02T14:31:05.051Z] Command:       C:\Program Files\nodejs\node.exe C:\Users\HP\AppData\Roaming\npm\node_modules\firebase-tools\lib\bin\firebase.js deploy --only functions --debug
[debug] [2026-03-02T14:31:05.051Z] CLI Version:   15.3.1
[debug] [2026-03-02T14:31:05.051Z] Platform:      win32
[debug] [2026-03-02T14:31:05.052Z] Node Version:  v24.13.0
[debug] [2026-03-02T14:31:05.052Z] Time:          Mon Mar 02 2026 20:01:05 GMT+0530 (India Standard Time)
[debug] [2026-03-02T14:31:05.052Z] ----------------------------------------------------------------------
[debug] 
[debug] [2026-03-02T14:31:06.302Z] > command requires scopes: ["email","openid","https://www.googleapis.com/auth/cloudplatformprojects.readonly","https://www.googleapis.com/auth/firebase","https://www.googleapis.com/auth/cloud-platform"]
[debug] [2026-03-02T14:31:06.303Z] > authorizing via signed-in user (vaibhavshukl23@gmail.com)
[debug] [2026-03-02T14:31:06.303Z] [iam] checking project trae1-d90c2 for permissions ["cloudfunctions.functions.create","cloudfunctions.functions.delete","cloudfunctions.functions.get","cloudfunctions.functions.list","cloudfunctions.functions.update","cloudfunctions.operations.get","firebase.projects.get"]
[debug] [2026-03-02T14:31:06.304Z] Checked if tokens are valid: true, expires at: 1772464228243
[debug] [2026-03-02T14:31:06.304Z] Checked if tokens are valid: true, expires at: 1772464228243
[debug] [2026-03-02T14:31:06.304Z] >>> [apiv2][query] POST https://cloudresourcemanager.googleapis.com/v1/projects/trae1-d90c2:testIamPermissions [none]
[debug] [2026-03-02T14:31:06.305Z] >>> [apiv2][(partial)header] POST https://cloudresourcemanager.googleapis.com/v1/projects/trae1-d90c2:testIamPermissions x-goog-quota-user=projects/trae1-d90c2
[debug] [2026-03-02T14:31:06.305Z] >>> [apiv2][body] POST https://cloudresourcemanager.googleapis.com/v1/projects/trae1-d90c2:testIamPermissions {"permissions":["cloudfunctions.functions.create","cloudfunctions.functions.delete","cloudfunctions.functions.get","cloudfunctions.functions.list","cloudfunctions.functions.update","cloudfunctions.operations.get","firebase.projects.get"]}
[debug] [2026-03-02T14:31:07.795Z] <<< [apiv2][status] POST https://cloudresourcemanager.googleapis.com/v1/projects/trae1-d90c2:testIamPermissions 200
[debug] [2026-03-02T14:31:07.795Z] <<< [apiv2][body] POST https://cloudresourcemanager.googleapis.com/v1/projects/trae1-d90c2:testIamPermissions {"permissions":["cloudfunctions.functions.create","cloudfunctions.functions.delete","cloudfunctions.functions.get","cloudfunctions.functions.list","cloudfunctions.functions.update","cloudfunctions.operations.get","firebase.projects.get"]}
[debug] [2026-03-02T14:31:07.796Z] Checked if tokens are valid: true, expires at: 1772464228243
[debug] [2026-03-02T14:31:07.796Z] Checked if tokens are valid: true, expires at: 1772464228243
[debug] [2026-03-02T14:31:07.796Z] >>> [apiv2][query] POST https://iam.googleapis.com/v1/projects/trae1-d90c2/serviceAccounts/trae1-d90c2@appspot.gserviceaccount.com:testIamPermissions [none]
[debug] [2026-03-02T14:31:07.796Z] >>> [apiv2][body] POST https://iam.googleapis.com/v1/projects/trae1-d90c2/serviceAccounts/trae1-d90c2@appspot.gserviceaccount.com:testIamPermissions {"permissions":["iam.serviceAccounts.actAs"]}
[debug] [2026-03-02T14:31:09.514Z] <<< [apiv2][status] POST https://iam.googleapis.com/v1/projects/trae1-d90c2/serviceAccounts/trae1-d90c2@appspot.gserviceaccount.com:testIamPermissions 200
[debug] [2026-03-02T14:31:09.514Z] <<< [apiv2][body] POST https://iam.googleapis.com/v1/projects/trae1-d90c2/serviceAccounts/trae1-d90c2@appspot.gserviceaccount.com:testIamPermissions {"permissions":["iam.serviceAccounts.actAs"]}
[info] 
[info] === Deploying to 'trae1-d90c2'...
[info] 
[info] i  deploying functions 
[debug] [2026-03-02T14:31:09.516Z] Checked if tokens are valid: true, expires at: 1772464228243
[debug] [2026-03-02T14:31:09.516Z] Checked if tokens are valid: true, expires at: 1772464228243
[debug] [2026-03-02T14:31:09.517Z] >>> [apiv2][query] GET https://cloudresourcemanager.googleapis.com/v1/projects/trae1-d90c2 [none]
[debug] [2026-03-02T14:31:09.844Z] <<< [apiv2][status] GET https://cloudresourcemanager.googleapis.com/v1/projects/trae1-d90c2 200
[debug] [2026-03-02T14:31:09.844Z] <<< [apiv2][body] GET https://cloudresourcemanager.googleapis.com/v1/projects/trae1-d90c2 {"projectNumber":"805184652608","projectId":"trae1-d90c2","lifecycleState":"ACTIVE","name":"trae1","labels":{"firebase":"enabled","firebase-core":"disabled"},"createTime":"2026-01-21T09:14:34.421228Z"}
[info] i  functions: preparing codebase default for deployment 
[info] i  functions: ensuring required API cloudfunctions.googleapis.com is enabled... 
[info] i  functions: ensuring required API cloudbuild.googleapis.com is enabled... 
[debug] [2026-03-02T14:31:09.845Z] Checked if tokens are valid: true, expires at: 1772464228243
[debug] [2026-03-02T14:31:09.845Z] Checked if tokens are valid: true, expires at: 1772464228243
[info] i  artifactregistry: ensuring required API artifactregistry.googleapis.com is enabled... 
[debug] [2026-03-02T14:31:09.846Z] Checked if tokens are valid: true, expires at: 1772464228243
[debug] [2026-03-02T14:31:09.846Z] Checked if tokens are valid: true, expires at: 1772464228243
[debug] [2026-03-02T14:31:09.846Z] >>> [apiv2][query] GET https://serviceusage.googleapis.com/v1/projects/trae1-d90c2/services/cloudbuild.googleapis.com [none]
[debug] [2026-03-02T14:31:09.846Z] >>> [apiv2][(partial)header] GET https://serviceusage.googleapis.com/v1/projects/trae1-d90c2/services/cloudbuild.googleapis.com x-goog-quota-user=projects/trae1-d90c2
[debug] [2026-03-02T14:31:09.847Z] >>> [apiv2][query] GET https://serviceusage.googleapis.com/v1/projects/trae1-d90c2/services/artifactregistry.googleapis.com [none]
[debug] [2026-03-02T14:31:09.847Z] >>> [apiv2][(partial)header] GET https://serviceusage.googleapis.com/v1/projects/trae1-d90c2/services/artifactregistry.googleapis.com x-goog-quota-user=projects/trae1-d90c2
[debug] [2026-03-02T14:31:11.645Z] <<< [apiv2][status] GET https://serviceusage.googleapis.com/v1/projects/trae1-d90c2/services/cloudbuild.googleapis.com 200
[debug] [2026-03-02T14:31:11.645Z] <<< [apiv2][body] GET https://serviceusage.googleapis.com/v1/projects/trae1-d90c2/services/cloudbuild.googleapis.com [omitted]
[warn] !  functions: missing required API cloudbuild.googleapis.com. Enabling now... 
[debug] [2026-03-02T14:31:11.646Z] Checked if tokens are valid: true, expires at: 1772464228243
[debug] [2026-03-02T14:31:11.646Z] Checked if tokens are valid: true, expires at: 1772464228243
[debug] [2026-03-02T14:31:11.646Z] >>> [apiv2][query] POST https://serviceusage.googleapis.com/v1/projects/trae1-d90c2/services/cloudbuild.googleapis.com:enable [none]
[debug] [2026-03-02T14:31:11.646Z] >>> [apiv2][(partial)header] POST https://serviceusage.googleapis.com/v1/projects/trae1-d90c2/services/cloudbuild.googleapis.com:enable x-goog-quota-user=projects/trae1-d90c2
[debug] [2026-03-02T14:31:11.710Z] <<< [apiv2][status] GET https://serviceusage.googleapis.com/v1/projects/trae1-d90c2/services/artifactregistry.googleapis.com 200
[debug] [2026-03-02T14:31:11.710Z] <<< [apiv2][body] GET https://serviceusage.googleapis.com/v1/projects/trae1-d90c2/services/artifactregistry.googleapis.com [omitted]
[warn] !  artifactregistry: missing required API artifactregistry.googleapis.com. Enabling now... 
[debug] [2026-03-02T14:31:11.711Z] Checked if tokens are valid: true, expires at: 1772464228243
[debug] [2026-03-02T14:31:11.711Z] Checked if tokens are valid: true, expires at: 1772464228243
[debug] [2026-03-02T14:31:11.711Z] >>> [apiv2][query] POST https://serviceusage.googleapis.com/v1/projects/trae1-d90c2/services/artifactregistry.googleapis.com:enable [none]
[debug] [2026-03-02T14:31:11.711Z] >>> [apiv2][(partial)header] POST https://serviceusage.googleapis.com/v1/projects/trae1-d90c2/services/artifactregistry.googleapis.com:enable x-goog-quota-user=projects/trae1-d90c2
[debug] [2026-03-02T14:31:12.064Z] <<< [apiv2][status] POST https://serviceusage.googleapis.com/v1/projects/trae1-d90c2/services/cloudbuild.googleapis.com:enable 400
[debug] [2026-03-02T14:31:12.064Z] <<< [apiv2][body] POST https://serviceusage.googleapis.com/v1/projects/trae1-d90c2/services/cloudbuild.googleapis.com:enable [omitted]
[error] 
[error] Error: Your project trae1-d90c2 must be on the Blaze (pay-as-you-go) plan to complete this command. Required API cloudbuild.googleapis.com can't be enabled until the upgrade is complete. To upgrade, visit the following URL:

https://console.firebase.google.com/project/trae1-d90c2/usage/details
